🔄 3天不说话重置系统
========================================
🔍 检查各角色活动状态...

📊 角色活动报告
========================================
👤 产品经理 (product):
   最后活动: 2026-04-07 02:38:53 | product | 创建10个工作模板
✅ product 活动正常，距离重置还有 2.7 天

👤 技术负责人 (tech):
   最后活动: 2026-04-07 02:15:20 | tech | 开始今日工作
✅ tech 活动正常，距离重置还有 2.7 天

👤 运营专家 (ops):
   最后活动: 2026-04-07 02:15:20 | ops | 开始今日工作
✅ ops 活动正常，距离重置还有 2.7 天

👤 测试专家 (test):
   最后活动: 2026-04-07 02:15:20 | test | 开始今日工作
✅ test 活动正常，距离重置还有 2.7 天

🔄 3天不说话重置系统
========================================
🔍 检查各角色活动状态...
📅 初始化今日活动记录...
✅ 记录活动: system - 每日活动检查开始
✅ 记录活动: product - 系统每日检查
✅ 记录活动: tech - 系统每日检查
✅ 记录活动: ops - 系统每日检查
✅ 记录活动: test - 系统每日检查

📊 角色活动报告
========================================
👤 产品经理 (product):
   最后活动: 2026-04-08 09:00:01 | product | 系统每日检查
✅ product 活动正常，距离重置还有 3.0 天

👤 技术负责人 (tech):
   最后活动: 2026-04-08 09:00:01 | tech | 系统每日检查
✅ tech 活动正常，距离重置还有 3.0 天

👤 运营专家 (ops):
   最后活动: 2026-04-08 09:00:01 | ops | 系统每日检查
✅ ops 活动正常，距离重置还有 3.0 天

👤 测试专家 (test):
   最后活动: 2026-04-08 09:00:01 | test | 系统每日检查
✅ test 活动正常，距离重置还有 2.9 天

