2026-04-07 02:13:26 | system | 3天重置系统初始化
2026-04-07 02:13:26 | product | 系统初始化 - 项目启动
2026-04-07 02:13:26 | tech | 系统初始化 - 项目启动
2026-04-07 02:13:26 | ops | 系统初始化 - 项目启动
2026-04-07 02:13:26 | test | 系统初始化 - 项目启动
2026-04-07 02:13:34 | product | 确定5位交易员名单
2026-04-07 02:13:34 | product | 准备访谈问题提纲
2026-04-07 02:13:34 | product | 开始发送访谈邀请
2026-04-07 02:15:20 | system | 每日工作检查
2026-04-07 02:15:20 | product | 开始今日工作
2026-04-07 02:15:20 | tech | 开始今日工作
2026-04-07 02:15:20 | ops | 开始今日工作
2026-04-07 02:15:20 | test | 开始今日工作
2026-04-07 02:38:53 | product | 开始所有并行工作
2026-04-07 02:38:53 | product | 创建10个工作模板
2026-04-08 09:00:01 | system | 每日活动检查开始
2026-04-08 09:00:01 | product | 系统每日检查
2026-04-08 09:00:01 | tech | 系统每日检查
2026-04-08 09:00:01 | ops | 系统每日检查
2026-04-08 09:00:01 | test | 系统每日检查
