⏰ 倒计时开始...
开始时间戳: 1775532516
结束时间戳: 1775534316
🔍 自动检查进度...
进度更新:
  深度访谈: 0%
  需求报告: 0%
  业务流程图: 0%
  原型图: 0%
  PRD框架: 0%
  总体进度: 0%
🔍 自动检查进度...
进度更新:
  深度访谈: 0%
  需求报告: 0%
  业务流程图: 0%
  原型图: 0%
  PRD框架: 0%
  总体进度: 0%
🔍 自动检查进度...
进度更新:
  深度访谈: 0%
  需求报告: 0%
  业务流程图: 0%
  原型图: 0%
  PRD框架: 0%
  总体进度: 0%
🔍 自动检查进度...
进度更新:
  深度访谈: 50%
  需求报告: 0%
  业务流程图: 0%
  原型图: 0%
  PRD框架: 0%
  总体进度: 15%
🔍 自动检查进度...
进度更新:
  深度访谈: 50%
  需求报告: 0%
  业务流程图: 0%
  原型图: 0%
  PRD框架: 0%
  总体进度: 15%
🔍 自动检查进度...
进度更新:
  深度访谈: 50%
  需求报告: 0%
  业务流程图: 0%
  原型图: 0%
  PRD框架: 0%
  总体进度: 15%
🔍 自动检查进度...
进度更新:
  深度访谈: 50%
  需求报告: 0%
  业务流程图: 0%
  原型图: 0%
  PRD框架: 0%
  总体进度: 15%
🔍 自动检查进度...
进度更新:
  深度访谈: 50%
  需求报告: 0%
  业务流程图: 0%
  原型图: 0%
  PRD框架: 0%
  总体进度: 15%
🔍 自动检查进度...
进度更新:
  深度访谈: 50%
  需求报告: 0%
  业务流程图: 0%
  原型图: 0%
  PRD框架: 100%
  总体进度: 25%
🔍 自动检查进度...
进度更新:
  深度访谈: 50%
  需求报告: 0%
  业务流程图: 0%
  原型图: 0%
  PRD框架: 100%
  总体进度: 25%
⏰ 25分钟剩余提醒
🔍 自动检查进度...
进度更新:
  深度访谈: 50%
  需求报告: 0%
  业务流程图: 0%
  原型图: 0%
  PRD框架: 100%
  总体进度: 25%
🔍 自动检查进度...
进度更新:
  深度访谈: 50%
  需求报告: 0%
  业务流程图: 0%
  原型图: 0%
  PRD框架: 100%
  总体进度: 25%
🔍 自动检查进度...
进度更新:
  深度访谈: 50%
  需求报告: 0%
  业务流程图: 0%
  原型图: 0%
  PRD框架: 100%
  总体进度: 25%
🔍 自动检查进度...
进度更新:
  深度访谈: 50%
  需求报告: 0%
  业务流程图: 0%
  原型图: 0%
  PRD框架: 100%
  总体进度: 25%
🔍 自动检查进度...
进度更新:
  深度访谈: 50%
  需求报告: 0%
  业务流程图: 0%
  原型图: 0%
  PRD框架: 100%
  总体进度: 25%
🔍 自动检查进度...
进度更新:
  深度访谈: 50%
  需求报告: 0%
  业务流程图: 0%
  原型图: 0%
  PRD框架: 100%
  总体进度: 25%
🔍 自动检查进度...
进度更新:
  深度访谈: 50%
  需求报告: 0%
  业务流程图: 0%
  原型图: 0%
  PRD框架: 100%
  总体进度: 25%
🔍 自动检查进度...
进度更新:
  深度访谈: 50%
  需求报告: 0%
  业务流程图: 0%
  原型图: 0%
  PRD框架: 100%
  总体进度: 25%
🔍 自动检查进度...
进度更新:
  深度访谈: 50%
  需求报告: 0%
  业务流程图: 0%
  原型图: 0%
  PRD框架: 100%
  总体进度: 25%
⏰ 20分钟剩余提醒
🔍 自动检查进度...
进度更新:
  深度访谈: 50%
  需求报告: 0%
  业务流程图: 0%
  原型图: 0%
  PRD框架: 100%
  总体进度: 25%
🔍 自动检查进度...
进度更新:
  深度访谈: 50%
  需求报告: 0%
  业务流程图: 0%
  原型图: 0%
  PRD框架: 100%
  总体进度: 25%
🔍 自动检查进度...
进度更新:
  深度访谈: 50%
  需求报告: 0%
  业务流程图: 0%
  原型图: 0%
  PRD框架: 100%
  总体进度: 25%
🔍 自动检查进度...
进度更新:
  深度访谈: 50%
  需求报告: 0%
  业务流程图: 0%
  原型图: 0%
  PRD框架: 100%
  总体进度: 25%
🔍 自动检查进度...
进度更新:
  深度访谈: 50%
  需求报告: 0%
  业务流程图: 0%
  原型图: 0%
  PRD框架: 100%
  总体进度: 25%
🔍 自动检查进度...
进度更新:
  深度访谈: 50%
  需求报告: 0%
  业务流程图: 0%
  原型图: 0%
  PRD框架: 100%
  总体进度: 25%
🔍 自动检查进度...
进度更新:
  深度访谈: 50%
  需求报告: 0%
  业务流程图: 0%
  原型图: 0%
  PRD框架: 100%
  总体进度: 25%
🔍 自动检查进度...
进度更新:
  深度访谈: 50%
  需求报告: 0%
  业务流程图: 0%
  原型图: 0%
  PRD框架: 100%
  总体进度: 25%
🔍 自动检查进度...
进度更新:
  深度访谈: 50%
  需求报告: 0%
  业务流程图: 0%
  原型图: 0%
  PRD框架: 100%
  总体进度: 25%
🔍 自动检查进度...
进度更新:
  深度访谈: 50%
  需求报告: 0%
  业务流程图: 0%
  原型图: 0%
  PRD框架: 100%
  总体进度: 25%
⏰ 15分钟剩余提醒
🔍 自动检查进度...
进度更新:
  深度访谈: 50%
  需求报告: 0%
  业务流程图: 0%
  原型图: 0%
  PRD框架: 100%
  总体进度: 25%
🔍 自动检查进度...
进度更新:
  深度访谈: 50%
  需求报告: 0%
  业务流程图: 0%
  原型图: 0%
  PRD框架: 100%
  总体进度: 25%
🔍 自动检查进度...
进度更新:
  深度访谈: 50%
  需求报告: 0%
  业务流程图: 0%
  原型图: 0%
  PRD框架: 100%
  总体进度: 25%
🔍 自动检查进度...
进度更新:
  深度访谈: 50%
  需求报告: 0%
  业务流程图: 0%
  原型图: 0%
  PRD框架: 100%
  总体进度: 25%
🔍 自动检查进度...
进度更新:
  深度访谈: 50%
  需求报告: 0%
  业务流程图: 0%
  原型图: 0%
  PRD框架: 100%
  总体进度: 25%
🔍 自动检查进度...
进度更新:
  深度访谈: 50%
  需求报告: 0%
  业务流程图: 0%
  原型图: 0%
  PRD框架: 100%
  总体进度: 25%
🔍 自动检查进度...
进度更新:
  深度访谈: 50%
  需求报告: 0%
  业务流程图: 0%
  原型图: 0%
  PRD框架: 100%
  总体进度: 25%
🔍 自动检查进度...
进度更新:
  深度访谈: 50%
  需求报告: 0%
  业务流程图: 0%
  原型图: 0%
  PRD框架: 100%
  总体进度: 25%
🔍 自动检查进度...
进度更新:
  深度访谈: 50%
  需求报告: 0%
  业务流程图: 0%
  原型图: 0%
  PRD框架: 100%
  总体进度: 25%
🔍 自动检查进度...
进度更新:
  深度访谈: 50%
  需求报告: 0%
  业务流程图: 0%
  原型图: 0%
  PRD框架: 100%
  总体进度: 25%
⏰ 10分钟剩余提醒
🔍 自动检查进度...
进度更新:
  深度访谈: 50%
  需求报告: 0%
  业务流程图: 0%
  原型图: 0%
  PRD框架: 100%
  总体进度: 25%
🔍 自动检查进度...
进度更新:
  深度访谈: 50%
  需求报告: 0%
  业务流程图: 0%
  原型图: 0%
  PRD框架: 100%
  总体进度: 25%
🔍 自动检查进度...
进度更新:
  深度访谈: 50%
  需求报告: 0%
  业务流程图: 0%
  原型图: 0%
  PRD框架: 100%
  总体进度: 25%
🔍 自动检查进度...
进度更新:
  深度访谈: 50%
  需求报告: 0%
  业务流程图: 0%
  原型图: 0%
  PRD框架: 100%
  总体进度: 25%
🔍 自动检查进度...
进度更新:
  深度访谈: 50%
  需求报告: 0%
  业务流程图: 0%
  原型图: 0%
  PRD框架: 100%
  总体进度: 25%
🔍 自动检查进度...
进度更新:
  深度访谈: 50%
  需求报告: 0%
  业务流程图: 0%
  原型图: 0%
  PRD框架: 100%
  总体进度: 25%
🔍 自动检查进度...
进度更新:
  深度访谈: 50%
  需求报告: 0%
  业务流程图: 0%
  原型图: 0%
  PRD框架: 100%
  总体进度: 25%
🔍 自动检查进度...
进度更新:
  深度访谈: 50%
  需求报告: 0%
  业务流程图: 0%
  原型图: 0%
  PRD框架: 100%
  总体进度: 25%
🔍 自动检查进度...
进度更新:
  深度访谈: 50%
  需求报告: 0%
  业务流程图: 0%
  原型图: 0%
  PRD框架: 100%
  总体进度: 25%
⏰ 5分钟剩余提醒
🔍 自动检查进度...
进度更新:
  深度访谈: 50%
  需求报告: 0%
  业务流程图: 0%
  原型图: 0%
  PRD框架: 100%
  总体进度: 25%
🔍 自动检查进度...
进度更新:
  深度访谈: 50%
  需求报告: 0%
  业务流程图: 0%
  原型图: 0%
  PRD框架: 100%
  总体进度: 25%
🔍 自动检查进度...
进度更新:
  深度访谈: 50%
  需求报告: 0%
  业务流程图: 0%
  原型图: 0%
  PRD框架: 100%
  总体进度: 25%
🔍 自动检查进度...
进度更新:
  深度访谈: 50%
  需求报告: 0%
  业务流程图: 0%
  原型图: 0%
  PRD框架: 100%
  总体进度: 25%
🔍 自动检查进度...
进度更新:
  深度访谈: 50%
  需求报告: 0%
  业务流程图: 0%
  原型图: 0%
  PRD框架: 100%
  总体进度: 25%
🔍 自动检查进度...
进度更新:
  深度访谈: 50%
  需求报告: 0%
  业务流程图: 0%
  原型图: 0%
  PRD框架: 100%
  总体进度: 25%
🔍 自动检查进度...
进度更新:
  深度访谈: 50%
  需求报告: 0%
  业务流程图: 0%
  原型图: 0%
  PRD框架: 100%
  总体进度: 25%
🔍 自动检查进度...
进度更新:
  深度访谈: 50%
  需求报告: 0%
  业务流程图: 0%
  原型图: 0%
  PRD框架: 100%
  总体进度: 25%
🔍 自动检查进度...
进度更新:
  深度访谈: 50%
  需求报告: 0%
  业务流程图: 0%
  原型图: 0%
  PRD框架: 100%
  总体进度: 25%
🔍 自动检查进度...
进度更新:
  深度访谈: 50%
  需求报告: 0%
  业务流程图: 0%
  原型图: 0%
  PRD框架: 100%
  总体进度: 25%
